1711639166875	geckodriver	INFO	Listening on 127.0.0.1:63564
1711639169946	mozrunner::runner	INFO	Running command: "C:\\Program Files\\Mozilla Firefox\\firefox.exe" "--marionette" "--remote-debugging-port" "63565" "--remote-allow-hosts" "localhost" "-no-remote" "-profile" "C:\\Users\\PHAEDR~1\\AppData\\Local\\Temp\\rust_mozprofilevrvuso"
console.warn: services.settings: Ignoring preference override of remote settings server
console.warn: services.settings: Allow by setting MOZ_REMOTE_SETTINGS_DEVTOOLS=1 in the environment
1711639170374	Marionette	INFO	Marionette enabled
Dynamically enable window occlusion 0
1711639170464	Marionette	INFO	Listening on port 63574
WebDriver BiDi listening on ws://127.0.0.1:63565
Read port: 63574
1711639170776	RemoteAgent	WARN	TLS certificate errors will be ignored for this session
DevTools listening on ws://127.0.0.1:63565/devtools/browser/50c5d643-75a9-4d83-a3f3-285fc303ea98
console.warn: LoginRecipes: "Falling back to a synchronous message for: https://opensource-demo.orangehrmlive.com."
console.warn: LoginRecipes: "Falling back to a synchronous message for: https://opensource-demo.orangehrmlive.com."
JavaScript error: , line 0: uncaught exception: Object
JavaScript error: , line 0: uncaught exception: Object
JavaScript error: , line 0: uncaught exception: Object
JavaScript error: , line 0: uncaught exception: Object
JavaScript error: , line 0: uncaught exception: Object
JavaScript error: , line 0: uncaught exception: Object
JavaScript error: , line 0: uncaught exception: Object
JavaScript error: , line 0: uncaught exception: Object
1711639201602	addons.xpi	ERROR	System addon update list error SyntaxError: XMLHttpRequest.open: 'http://%(server)s/dummy-system-addons.xml' is not a valid URL.
1711640007256	Marionette	INFO	Stopped listening on port 63574
Dynamically enable window occlusion 1
