1711652396590	geckodriver	INFO	Listening on 127.0.0.1:54841
1711652399709	mozrunner::runner	INFO	Running command: "C:\\Program Files\\Mozilla Firefox\\firefox.exe" "--marionette" "--remote-debugging-port" "54842" "--remote-allow-hosts" "localhost" "-no-remote" "-profile" "C:\\Users\\PHAEDR~1\\AppData\\Local\\Temp\\rust_mozprofileC1pSbA"
console.warn: services.settings: Ignoring preference override of remote settings server
console.warn: services.settings: Allow by setting MOZ_REMOTE_SETTINGS_DEVTOOLS=1 in the environment
1711652400156	Marionette	INFO	Marionette enabled
Dynamically enable window occlusion 0
1711652400260	Marionette	INFO	Listening on port 54851
WebDriver BiDi listening on ws://127.0.0.1:54842
Read port: 54851
1711652400579	RemoteAgent	WARN	TLS certificate errors will be ignored for this session
DevTools listening on ws://127.0.0.1:54842/devtools/browser/5d0e0b6f-d742-467c-a87f-df692c084348
console.warn: LoginRecipes: "Falling back to a synchronous message for: https://opensource-demo.orangehrmlive.com."
console.warn: LoginRecipes: "Falling back to a synchronous message for: https://opensource-demo.orangehrmlive.com."
JavaScript error: , line 0: uncaught exception: Object
JavaScript error: , line 0: uncaught exception: Object
JavaScript error: , line 0: uncaught exception: Object
JavaScript error: , line 0: uncaught exception: Object
JavaScript error: , line 0: uncaught exception: Object
JavaScript error: , line 0: uncaught exception: Object
JavaScript error: , line 0: uncaught exception: Object
JavaScript error: , line 0: uncaught exception: Object
1711652430359	addons.xpi	ERROR	System addon update list error SyntaxError: XMLHttpRequest.open: 'http://%(server)s/dummy-system-addons.xml' is not a valid URL.
1711652438946	Marionette	INFO	Stopped listening on port 54851
JavaScript warning: https://opensource-demo.orangehrmlive.com/web/dist/js/chunk-vendors.js?v=1706326081969, line 115: Script terminated by timeout at:
get@https://opensource-demo.orangehrmlive.com/web/dist/js/chunk-vendors.js?v=1706326081969:115:131271
756/</yh<.methods.search</<@https://opensource-demo.orangehrmlive.com/web/dist/js/chunk-vendors.js?v=1706326081969:1:520669
756/</yh<.methods.search<@https://opensource-demo.orangehrmlive.com/web/dist/js/chunk-vendors.js?v=1706326081969:1:520649
s@https://opensource-demo.orangehrmlive.com/web/dist/js/chunk-vendors.js?v=1706326081969:1:513926

Dynamically enable window occlusion 1
console.error: services.settings: 
  Message: NetworkError: Network error: TypeError: NetworkError: Network request failed
  Stack:
    APIError@resource://services-settings/RemoteSettingsClient.sys.mjs:107:1
NetworkError@resource://services-settings/RemoteSettingsClient.sys.mjs:111:5
_adjustedError@resource://services-settings/RemoteSettingsClient.sys.mjs:911:14
maybeSync@resource://services-settings/RemoteSettingsClient.sys.mjs:816:38

console.error: (new NetworkError("Network error: TypeError: NetworkError: Network request failed", "resource://services-settings/RemoteSettingsClient.sys.mjs", 107))
