1711652855290	geckodriver	INFO	Listening on 127.0.0.1:55315
1711652858358	mozrunner::runner	INFO	Running command: "C:\\Program Files\\Mozilla Firefox\\firefox.exe" "--marionette" "--remote-debugging-port" "55316" "--remote-allow-hosts" "localhost" "-no-remote" "-profile" "C:\\Users\\PHAEDR~1\\AppData\\Local\\Temp\\rust_mozprofilewB2pyP"
console.warn: services.settings: Ignoring preference override of remote settings server
console.warn: services.settings: Allow by setting MOZ_REMOTE_SETTINGS_DEVTOOLS=1 in the environment
1711652858773	Marionette	INFO	Marionette enabled
Dynamically enable window occlusion 0
1711652858876	Marionette	INFO	Listening on port 55324
WebDriver BiDi listening on ws://127.0.0.1:55316
Read port: 55324
1711652859191	RemoteAgent	WARN	TLS certificate errors will be ignored for this session
DevTools listening on ws://127.0.0.1:55316/devtools/browser/03210bc2-3c2b-4a7f-b4aa-bc4c0e275b5e
console.warn: LoginRecipes: "Falling back to a synchronous message for: https://opensource-demo.orangehrmlive.com."
console.warn: LoginRecipes: "Falling back to a synchronous message for: https://opensource-demo.orangehrmlive.com."
JavaScript error: , line 0: uncaught exception: Object
JavaScript error: , line 0: uncaught exception: Object
JavaScript error: , line 0: uncaught exception: Object
JavaScript error: , line 0: uncaught exception: Object
JavaScript error: , line 0: uncaught exception: Object
JavaScript error: , line 0: uncaught exception: Object
JavaScript error: , line 0: uncaught exception: Object
JavaScript error: , line 0: uncaught exception: Object
1711652888798	addons.xpi	ERROR	System addon update list error SyntaxError: XMLHttpRequest.open: 'http://%(server)s/dummy-system-addons.xml' is not a valid URL.
1711652896741	Marionette	INFO	Stopped listening on port 55324
JavaScript warning: https://opensource-demo.orangehrmlive.com/web/dist/js/chunk-vendors.js?v=1706326081969, line 115: Script terminated by timeout at:
get@https://opensource-demo.orangehrmlive.com/web/dist/js/chunk-vendors.js?v=1706326081969:115:131271
756/</yh<.methods.search</<@https://opensource-demo.orangehrmlive.com/web/dist/js/chunk-vendors.js?v=1706326081969:1:520669
756/</yh<.methods.search<@https://opensource-demo.orangehrmlive.com/web/dist/js/chunk-vendors.js?v=1706326081969:1:520649
s@https://opensource-demo.orangehrmlive.com/web/dist/js/chunk-vendors.js?v=1706326081969:1:513926

Dynamically enable window occlusion 1
