1711641281800	geckodriver	INFO	Listening on 127.0.0.1:64992
1711641284907	mozrunner::runner	INFO	Running command: "C:\\Program Files\\Mozilla Firefox\\firefox.exe" "--marionette" "--remote-debugging-port" "64993" "--remote-allow-hosts" "localhost" "-no-remote" "-profile" "C:\\Users\\PHAEDR~1\\AppData\\Local\\Temp\\rust_mozprofilejzR5UB"
console.warn: services.settings: Ignoring preference override of remote settings server
console.warn: services.settings: Allow by setting MOZ_REMOTE_SETTINGS_DEVTOOLS=1 in the environment
1711641285321	Marionette	INFO	Marionette enabled
Dynamically enable window occlusion 0
1711641285408	Marionette	INFO	Listening on port 65002
Read port: 65002
WebDriver BiDi listening on ws://127.0.0.1:64993
1711641285542	RemoteAgent	WARN	TLS certificate errors will be ignored for this session
DevTools listening on ws://127.0.0.1:64993/devtools/browser/6515660e-8c1c-4458-a562-8347f10e5dfa
console.warn: LoginRecipes: "Falling back to a synchronous message for: https://opensource-demo.orangehrmlive.com."
console.warn: LoginRecipes: "Falling back to a synchronous message for: https://opensource-demo.orangehrmlive.com."
JavaScript error: , line 0: uncaught exception: Object
JavaScript error: , line 0: uncaught exception: Object
JavaScript error: , line 0: uncaught exception: Object
JavaScript error: , line 0: uncaught exception: Object
JavaScript error: , line 0: uncaught exception: Object
JavaScript error: , line 0: uncaught exception: Object
JavaScript error: , line 0: uncaught exception: Object
JavaScript error: , line 0: uncaught exception: Object
1711641297787	Marionette	INFO	Stopped listening on port 65002
JavaScript warning: https://opensource-demo.orangehrmlive.com/web/dist/js/chunk-vendors.js?v=1706326081969, line 115: Script terminated by timeout at:
get@https://opensource-demo.orangehrmlive.com/web/dist/js/chunk-vendors.js?v=1706326081969:115:131271
756/</yh<.methods.search</<@https://opensource-demo.orangehrmlive.com/web/dist/js/chunk-vendors.js?v=1706326081969:1:520669
756/</yh<.methods.search<@https://opensource-demo.orangehrmlive.com/web/dist/js/chunk-vendors.js?v=1706326081969:1:520649
s@https://opensource-demo.orangehrmlive.com/web/dist/js/chunk-vendors.js?v=1706326081969:1:513926

Dynamically enable window occlusion 1
