1711651599250	geckodriver	INFO	Listening on 127.0.0.1:54265
1711651602315	mozrunner::runner	INFO	Running command: "C:\\Program Files\\Mozilla Firefox\\firefox.exe" "--marionette" "--remote-debugging-port" "54266" "--remote-allow-hosts" "localhost" "-no-remote" "-profile" "C:\\Users\\PHAEDR~1\\AppData\\Local\\Temp\\rust_mozprofileMu2bio"
console.warn: services.settings: Ignoring preference override of remote settings server
console.warn: services.settings: Allow by setting MOZ_REMOTE_SETTINGS_DEVTOOLS=1 in the environment
1711651602739	Marionette	INFO	Marionette enabled
Dynamically enable window occlusion 0
1711651602839	Marionette	INFO	Listening on port 54276
WebDriver BiDi listening on ws://127.0.0.1:54266
Read port: 54276
1711651603184	RemoteAgent	WARN	TLS certificate errors will be ignored for this session
DevTools listening on ws://127.0.0.1:54266/devtools/browser/268dff31-c605-4747-80ab-06cbb7178623
1711651632759	addons.xpi	ERROR	System addon update list error SyntaxError: XMLHttpRequest.open: 'http://%(server)s/dummy-system-addons.xml' is not a valid URL.
console.warn: LoginRecipes: "Falling back to a synchronous message for: https://opensource-demo.orangehrmlive.com."
console.warn: LoginRecipes: "Falling back to a synchronous message for: https://opensource-demo.orangehrmlive.com."
JavaScript error: , line 0: uncaught exception: Object
JavaScript error: , line 0: uncaught exception: Object
JavaScript error: , line 0: uncaught exception: Object
JavaScript error: , line 0: uncaught exception: Object
JavaScript error: , line 0: uncaught exception: Object
JavaScript error: , line 0: uncaught exception: Object
JavaScript error: , line 0: uncaught exception: Object
JavaScript error: , line 0: uncaught exception: Object
1711651656946	Marionette	INFO	Stopped listening on port 54276
Dynamically enable window occlusion 1
