1711649327931	geckodriver	INFO	Listening on 127.0.0.1:52996
1711649331009	mozrunner::runner	INFO	Running command: "C:\\Program Files\\Mozilla Firefox\\firefox.exe" "--marionette" "--remote-debugging-port" "52997" "--remote-allow-hosts" "localhost" "-no-remote" "-profile" "C:\\Users\\PHAEDR~1\\AppData\\Local\\Temp\\rust_mozprofileMMpa9T"
console.warn: services.settings: Ignoring preference override of remote settings server
console.warn: services.settings: Allow by setting MOZ_REMOTE_SETTINGS_DEVTOOLS=1 in the environment
1711649331416	Marionette	INFO	Marionette enabled
Dynamically enable window occlusion 0
1711649331512	Marionette	INFO	Listening on port 53006
WebDriver BiDi listening on ws://127.0.0.1:52997
Read port: 53006
1711649331811	RemoteAgent	WARN	TLS certificate errors will be ignored for this session
DevTools listening on ws://127.0.0.1:52997/devtools/browser/e7da3fc4-d579-445c-abe6-fac02f9d4389
1711649362135	addons.xpi	ERROR	System addon update list error SyntaxError: XMLHttpRequest.open: 'http://%(server)s/dummy-system-addons.xml' is not a valid URL.
console.error: ({})
console.warn: LoginRecipes: "Falling back to a synchronous message for: https://opensource-demo.orangehrmlive.com."
console.warn: LoginRecipes: "Falling back to a synchronous message for: https://opensource-demo.orangehrmlive.com."
JavaScript error: https://opensource-demo.orangehrmlive.com/web/dist/js/app.js?v=1706326081969, line 1: TypeError: e.error is undefined
JavaScript error: https://opensource-demo.orangehrmlive.com/web/dist/js/app.js?v=1706326081969, line 1: TypeError: e.error is undefined
JavaScript error: https://opensource-demo.orangehrmlive.com/web/dist/js/app.js?v=1706326081969, line 1: TypeError: e.error is undefined
JavaScript error: https://opensource-demo.orangehrmlive.com/web/dist/js/app.js?v=1706326081969, line 1: TypeError: e.error is undefined
JavaScript error: https://opensource-demo.orangehrmlive.com/web/dist/js/app.js?v=1706326081969, line 1: TypeError: e.error is undefined
1711649531908	Marionette	INFO	Stopped listening on port 53006
Dynamically enable window occlusion 1
!!! error running onStopped callback: TypeError: callback is not a function
