1711649156443	geckodriver	INFO	Listening on 127.0.0.1:52870
1711649159514	mozrunner::runner	INFO	Running command: "C:\\Program Files\\Mozilla Firefox\\firefox.exe" "--marionette" "--remote-debugging-port" "52871" "--remote-allow-hosts" "localhost" "-no-remote" "-profile" "C:\\Users\\PHAEDR~1\\AppData\\Local\\Temp\\rust_mozprofilezILVRd"
console.warn: services.settings: Ignoring preference override of remote settings server
console.warn: services.settings: Allow by setting MOZ_REMOTE_SETTINGS_DEVTOOLS=1 in the environment
1711649159962	Marionette	INFO	Marionette enabled
Dynamically enable window occlusion 0
1711649160086	Marionette	INFO	Listening on port 52880
WebDriver BiDi listening on ws://127.0.0.1:52871
Read port: 52880
1711649160479	RemoteAgent	WARN	TLS certificate errors will be ignored for this session
DevTools listening on ws://127.0.0.1:52871/devtools/browser/ec143128-c7f3-47a8-a4d6-72551b8b8971
console.warn: LoginRecipes: "Falling back to a synchronous message for: https://opensource-demo.orangehrmlive.com."
console.warn: LoginRecipes: "Falling back to a synchronous message for: https://opensource-demo.orangehrmlive.com."
1711649190028	addons.xpi	ERROR	System addon update list error SyntaxError: XMLHttpRequest.open: 'http://%(server)s/dummy-system-addons.xml' is not a valid URL.
JavaScript error: https://opensource-demo.orangehrmlive.com/web/dist/js/app.js?v=1706326081969, line 1: TypeError: e.error is undefined
JavaScript error: https://opensource-demo.orangehrmlive.com/web/dist/js/app.js?v=1706326081969, line 1: TypeError: e.error is undefined
JavaScript error: https://opensource-demo.orangehrmlive.com/web/dist/js/app.js?v=1706326081969, line 1: TypeError: e.error is undefined
JavaScript error: https://opensource-demo.orangehrmlive.com/web/dist/js/app.js?v=1706326081969, line 1: TypeError: e.error is undefined
1711649227948	Marionette	INFO	Stopped listening on port 52880
Dynamically enable window occlusion 1
