1711641147952	geckodriver	INFO	Listening on 127.0.0.1:64886
1711641151016	mozrunner::runner	INFO	Running command: "C:\\Program Files\\Mozilla Firefox\\firefox.exe" "--marionette" "--remote-debugging-port" "64887" "--remote-allow-hosts" "localhost" "-no-remote" "-profile" "C:\\Users\\PHAEDR~1\\AppData\\Local\\Temp\\rust_mozprofileqbddnH"
console.warn: services.settings: Ignoring preference override of remote settings server
console.warn: services.settings: Allow by setting MOZ_REMOTE_SETTINGS_DEVTOOLS=1 in the environment
1711641151417	Marionette	INFO	Marionette enabled
Dynamically enable window occlusion 0
1711641151504	Marionette	INFO	Listening on port 64898
WebDriver BiDi listening on ws://127.0.0.1:64887
Read port: 64898
1711641151798	RemoteAgent	WARN	TLS certificate errors will be ignored for this session
DevTools listening on ws://127.0.0.1:64887/devtools/browser/158c3ff7-07ee-4933-a6fe-f898134ed775
console.warn: LoginRecipes: "Falling back to a synchronous message for: https://opensource-demo.orangehrmlive.com."
console.warn: LoginRecipes: "Falling back to a synchronous message for: https://opensource-demo.orangehrmlive.com."
JavaScript error: , line 0: uncaught exception: Object
JavaScript error: , line 0: uncaught exception: Object
JavaScript error: , line 0: uncaught exception: Object
JavaScript error: , line 0: uncaught exception: Object
JavaScript error: , line 0: uncaught exception: Object
JavaScript error: , line 0: uncaught exception: Object
JavaScript error: , line 0: uncaught exception: Object
JavaScript error: , line 0: uncaught exception: Object
1711641182428	addons.xpi	ERROR	System addon update list error SyntaxError: XMLHttpRequest.open: 'http://%(server)s/dummy-system-addons.xml' is not a valid URL.
1711641199506	Marionette	INFO	Stopped listening on port 64898
Dynamically enable window occlusion 1
