1711556121085	geckodriver	INFO	Listening on 127.0.0.1:52373
1711556124212	mozrunner::runner	INFO	Running command: "C:\\Program Files\\Mozilla Firefox\\firefox.exe" "--marionette" "--remote-debugging-port" "52374" "--remote-allow-hosts" "localhost" "-no-remote" "-profile" "C:\\Users\\PHAEDR~1\\AppData\\Local\\Temp\\rust_mozprofileNeQ0ZJ"
console.warn: services.settings: Ignoring preference override of remote settings server
console.warn: services.settings: Allow by setting MOZ_REMOTE_SETTINGS_DEVTOOLS=1 in the environment
1711556124724	Marionette	INFO	Marionette enabled
Dynamically enable window occlusion 0
1711556124813	Marionette	INFO	Listening on port 52383
WebDriver BiDi listening on ws://127.0.0.1:52374
Read port: 52383
1711556125067	RemoteAgent	WARN	TLS certificate errors will be ignored for this session
DevTools listening on ws://127.0.0.1:52374/devtools/browser/5661eb72-b340-4adf-801c-e18d327f0e46
console.warn: LoginRecipes: "Falling back to a synchronous message for: https://www.ebay.com."
JavaScript error: https://ir.ebaystatic.com/cr/v/c01/ac-031224203851.dweb.min.js, line 2: TypeError: e is undefined
JavaScript warning: https://pagead2.googlesyndication.com/bg/2YzbEuN59MGIt9W5zCPHO0tFzbKdH5oqxDikVPHEKy4.js line 2 > eval line 2970 > eval line 1 > eval line 1 > eval, line 1: WEBGL_debug_renderer_info is deprecated in Firefox and will be removed. Please use RENDERER.
1711556154783	addons.xpi	ERROR	System addon update list error SyntaxError: XMLHttpRequest.open: 'http://%(server)s/dummy-system-addons.xml' is not a valid URL.
JavaScript error: , line 0: TypeError: NetworkError when attempting to fetch resource.
JavaScript warning: https://pagead2.googlesyndication.com/bg/zWaK0cRU8i13WOcYrGftNRJztyWE98ua2aSspht8wMw.js line 2 > eval line 6781 > eval line 1 > eval line 1 > eval, line 1: WEBGL_debug_renderer_info is deprecated in Firefox and will be removed. Please use RENDERER.
JavaScript error: , line 0: TypeError: NetworkError when attempting to fetch resource.
JavaScript warning: https://pagead2.googlesyndication.com/pagead/managed/js/activeview/current/ufs_web_display.js, line 5: Script terminated by timeout at:
t@https://pagead2.googlesyndication.com/pagead/managed/js/activeview/current/ufs_web_display.js:5:170
n.unsubscribe@https://pagead2.googlesyndication.com/pagead/managed/js/activeview/current/ufs_web_display.js:77:314
n.unsubscribe@https://pagead2.googlesyndication.com/pagead/managed/js/activeview/current/ufs_web_display.js:80:177
ld.prototype.unsubscribe@https://pagead2.googlesyndication.com/pagead/managed/js/activeview/current/ufs_web_display.js:88:1024
n.unsubscribe@https://pagead2.googlesyndication.com/pagead/managed/js/activeview/current/ufs_web_display.js:77:392
n.unsubscribe@https://pagead2.googlesyndication.com/pagead/managed/js/activeview/current/ufs_web_display.js:80:177
n.unsubscribe@https://pagead2.googlesyndication.com/pagead/managed/js/activeview/current/ufs_web_display.js:82:415
n.complete@https://pagead2.googlesyndication.com/pagead/managed/js/activeview/current/ufs_web_display.js:82:328
n.D@https://pagead2.googlesyndication.com/pagead/managed/js/activeview/current/ufs_web_display.js:80:326
n.complete@https://pagead2.googlesyndication.com/pagead/managed/js/activeview/current/ufs_web_display.js:80:98
n.D@https://pagead2.googlesyndication.com/pagead/managed/js/activeview/current/ufs_web_display.js:80:326
n.complete@https://pagead2.googlesyndication.com/pagead/managed/js/activeview/current/ufs_web_display.js:80:98
n.complete@https://pagead2.googlesyndication.com/pagead/managed/js/activeview/current/ufs_web_display.js:85:123
n.D@https://pagead2.googlesyndication.com/pagead/managed/js/activeview/current/ufs_web_display.js:80:326
od.prototype.D@https://pagead2.googlesyndication.com/pagead/managed/js/activeview/current/ufs_web_display.js:89:453
n.complete@https://pagead2.googlesyndication.com/pagead/managed/js/activeview/current/ufs_web_display.js:80:98
Ai/c/</</<@https://pagead2.googlesyndication.com/pagead/managed/js/activeview/current/ufs_web_display.js:156:430
Va@https://pagead2.googlesyndication.com/pagead/managed/js/activeview/current/ufs_web_display.js:47:339
Sa.prototype.flush@https://pagead2.googlesyndication.com/pagead/managed/js/activeview/current/ufs_web_display.js:47:127
Ua@https://pagead2.googlesyndication.com/pagead/managed/js/activeview/current/ufs_web_display.js:46:466
Ai/c/</<@https://pagead2.googlesyndication.com/pagead/managed/js/activeview/current/ufs_web_display.js:156:292
n.next@https://pagead2.googlesyndication.com/pagead/managed/js/activeview/current/ufs_web_display.js:81:424
n.s@https://pagead2.googlesyndication.com/pagead/managed/js/activeview/current/ufs_web_display.js:80:223
n.next@https://pagead2.googlesyndication.com/pagead/managed/js/activeview/current/ufs_web_display.js:79:899
Ah/</</</<@https://pagead2.googlesyndication.com/pagead/managed/js/activeview/current/ufs_web_display.js:139:516
Ra.prototype.bc/<@https://pagead2.googlesyndication.com/pagead/managed/js/activeview/current/ufs_web_display.js:46:298
Ah/</</<@https://pagead2.googlesyndication.com/pagead/managed/js/activeview/current/ufs_web_display.js:139:525
n.next@https://pagead2.googlesyndication.com/pagead/managed/js/activeview/current/ufs_web_display.js:81:424
n.s@https://pagead2.googlesyndication.com/pagead/managed/js/activeview/current/ufs_web_display.js:80:223
n.next@https://pagead2.googlesyndication.com/pagead/managed/js/activeview/current/ufs_web_display.js:79:899
Ah/</</</<@https://pagead2.googlesyndication.com/pagead/managed/js/activeview/current/ufs_web_display.js:139:516
Ra.prototype.bc/<@https://pagead2.googlesyndication.com/pagead/managed/js/activeview/current/ufs_web_display.js:46:298
Ah/</</<@https://pagead2.googlesyndication.com/pagead/managed/js/activeview/current/ufs_web_display.js:139:525
n.next@https://pagead2.googlesyndication.com/pagead/managed/js/activeview/current/ufs_web_display.js:81:424
n.s@https://pagead2.googlesyndication.com/pagead/managed/js/activeview/current/ufs_web_display.js:80:223
n.next@https://pagead2.googlesyndication.com/pagead/managed/js/activeview/current/ufs_web_display.js:79:899
Xd/</<@https://pagead2.googlesyndication.com/pagead/managed/js/activeview/current/ufs_web_display.js:98:672

JavaScript error: , line 0: TypeError: NetworkError when attempting to fetch resource.
JavaScript error: , line 0: TypeError: NetworkError when attempting to fetch resource.
JavaScript warning: https://ir.ebaystatic.com/cr/v/c01/ae4b8cd6-af7c-4f44-a961-4e7b83801d92.min.js, line 16: Script terminated by timeout at:
_getNodeLink@https://ir.ebaystatic.com/cr/v/c01/ae4b8cd6-af7c-4f44-a961-4e7b83801d92.min.js:16:52931
_getElementDetails@https://ir.ebaystatic.com/cr/v/c01/ae4b8cd6-af7c-4f44-a961-4e7b83801d92.min.js:16:50585
flushBeforeExit@https://ir.ebaystatic.com/cr/v/c01/ae4b8cd6-af7c-4f44-a961-4e7b83801d92.min.js:16:43309
e.exports/e.eaTrack/<@https://ir.ebaystatic.com/cr/v/c01/ae4b8cd6-af7c-4f44-a961-4e7b83801d92.min.js:16:138123

1711556207285	Marionette	INFO	Stopped listening on port 52383
Dynamically enable window occlusion 1
