1711642198266	geckodriver	INFO	Listening on 127.0.0.1:49545
1711642201359	mozrunner::runner	INFO	Running command: "C:\\Program Files\\Mozilla Firefox\\firefox.exe" "--marionette" "--remote-debugging-port" "49546" "--remote-allow-hosts" "localhost" "-no-remote" "-profile" "C:\\Users\\PHAEDR~1\\AppData\\Local\\Temp\\rust_mozprofileNONOD4"
console.warn: services.settings: Ignoring preference override of remote settings server
console.warn: services.settings: Allow by setting MOZ_REMOTE_SETTINGS_DEVTOOLS=1 in the environment
1711642201803	Marionette	INFO	Marionette enabled
Dynamically enable window occlusion 0
1711642201893	Marionette	INFO	Listening on port 49555
WebDriver BiDi listening on ws://127.0.0.1:49546
Read port: 49555
1711642202201	RemoteAgent	WARN	TLS certificate errors will be ignored for this session
DevTools listening on ws://127.0.0.1:49546/devtools/browser/480c5a00-deb3-4c6d-8043-5dd52ea892fa
console.warn: LoginRecipes: "Falling back to a synchronous message for: https://opensource-demo.orangehrmlive.com."
console.warn: LoginRecipes: "Falling back to a synchronous message for: https://opensource-demo.orangehrmlive.com."
JavaScript error: , line 0: uncaught exception: Object
JavaScript error: , line 0: uncaught exception: Object
JavaScript error: , line 0: uncaught exception: Object
JavaScript error: , line 0: uncaught exception: Object
JavaScript error: , line 0: uncaught exception: Object
JavaScript error: , line 0: uncaught exception: Object
JavaScript error: , line 0: uncaught exception: Object
JavaScript error: , line 0: uncaught exception: Object
1711642217633	Marionette	INFO	Stopped listening on port 49555
JavaScript warning: https://opensource-demo.orangehrmlive.com/web/dist/js/app.js?v=1706326081969, line 1: Script terminated by timeout at:
request@https://opensource-demo.orangehrmlive.com/web/dist/js/app.js?v=1706326081969:1:10154
o/<@https://opensource-demo.orangehrmlive.com/web/dist/js/app.js?v=1706326081969:1:68968
o@https://opensource-demo.orangehrmlive.com/web/dist/js/app.js?v=1706326081969:1:68935
756/</og/</n<@https://opensource-demo.orangehrmlive.com/web/dist/js/chunk-vendors.js?v=1706326081969:1:570650

Dynamically enable window occlusion 1
