1711641507639	geckodriver	INFO	Listening on 127.0.0.1:65235
1711641510729	mozrunner::runner	INFO	Running command: "C:\\Program Files\\Mozilla Firefox\\firefox.exe" "--marionette" "--remote-debugging-port" "65236" "--remote-allow-hosts" "localhost" "-no-remote" "-profile" "C:\\Users\\PHAEDR~1\\AppData\\Local\\Temp\\rust_mozprofileSRDEpY"
console.warn: services.settings: Ignoring preference override of remote settings server
console.warn: services.settings: Allow by setting MOZ_REMOTE_SETTINGS_DEVTOOLS=1 in the environment
1711641511149	Marionette	INFO	Marionette enabled
Dynamically enable window occlusion 0
1711641511260	Marionette	INFO	Listening on port 65245
WebDriver BiDi listening on ws://127.0.0.1:65236
Read port: 65245
1711641511569	RemoteAgent	WARN	TLS certificate errors will be ignored for this session
DevTools listening on ws://127.0.0.1:65236/devtools/browser/b065c03c-d7e9-49d1-8e20-40ea2be839fe
console.warn: LoginRecipes: "Falling back to a synchronous message for: https://opensource-demo.orangehrmlive.com."
console.warn: LoginRecipes: "Falling back to a synchronous message for: https://opensource-demo.orangehrmlive.com."
JavaScript error: , line 0: uncaught exception: Object
JavaScript error: , line 0: uncaught exception: Object
JavaScript error: , line 0: uncaught exception: Object
JavaScript error: , line 0: uncaught exception: Object
JavaScript error: , line 0: uncaught exception: Object
JavaScript error: , line 0: uncaught exception: Object
JavaScript error: , line 0: uncaught exception: Object
JavaScript error: , line 0: uncaught exception: Object
1711641522740	Marionette	INFO	Stopped listening on port 65245
Dynamically enable window occlusion 1
